#
# There is insufficient memory for the Java Runtime Environment to continue.
# Native memory allocation (malloc) failed to allocate 481512 bytes. Error detail: Chunk::new
# Possible reasons:
#   The system is out of physical RAM or swap space
#   This process is running with CompressedOops enabled, and the Java Heap may be blocking the growth of the native heap
# Possible solutions:
#   Reduce memory load on the system
#   Increase physical memory or swap space
#   Check if swap backing store is full
#   Decrease Java heap size (-Xmx/-Xms)
#   Decrease number of Java threads
#   Decrease Java thread stack sizes (-Xss)
#   Set larger code cache with -XX:ReservedCodeCacheSize=
#   JVM is running with Zero Based Compressed Oops mode in which the Java heap is
#     placed in the first 32GB address space. The Java Heap base address is the
#     maximum limit for the native heap growth. Please use -XX:HeapBaseMinAddress
#     to set the Java Heap base and to place the Java Heap above 32GB virtual address.
# This output file may be truncated or incomplete.
#
#  Out of Memory Error (arena.cpp:186), pid=23016, tid=9108
#
# JRE version: Java(TM) SE Runtime Environment (25.0.2+10) (build 25.0.2+10-LTS-69)
# Java VM: Java HotSpot(TM) 64-Bit Server VM (25.0.2+10-LTS-69, mixed mode, sharing, tiered, compressed oops, compressed class ptrs, g1 gc, windows-amd64)
# No core dump will be written. Minidumps are not enabled by default on client versions of Windows
#

---------------  S U M M A R Y ------------

Command Line: -Dfile.encoding=IBM850 --module-path=C:\Users\21624\.m2\repository\org\openjfx\javafx-base\21\javafx-base-21-win.jar;C:\Users\21624\.m2\repository\org\openjfx\javafx-graphics\21\javafx-graphics-21-win.jar;C:\Users\21624\.m2\repository\org\openjfx\javafx-controls\21\javafx-controls-21-win.jar;C:\Users\21624\.m2\repository\org\openjfx\javafx-fxml\21\javafx-fxml-21-win.jar --add-modules=javafx.controls,javafx.fxml x404.kouldyeri.MainFX

Host: 12th Gen Intel(R) Core(TM) i5-1235U, 12 cores, 31G,  Windows 11 , 64 bit Build 26100 (10.0.26100.7920)
Time: Mon Mar  2 01:14:36 2026 Afr. centrale Ouest elapsed time: 739.670442 seconds (0d 0h 12m 19s)

---------------  T H R E A D  ---------------

Current thread (0x000001cdda3d0d90):  JavaThread "C2 CompilerThread0" daemon [_thread_in_native, id=9108, stack(0x0000006e7de00000,0x0000006e7df00000) (1024K)]


Current CompileTask:
C2:739670 13885       4       com.sun.scenario.animation.shared.TimelineClipCore::playTo (353 bytes)

Stack: [0x0000006e7de00000,0x0000006e7df00000]
Native frames: (J=compiled Java code, j=interpreted, Vv=VM code, C=native code)
V  [jvm.dll+0x7a70f9]  (no source info available)
V  [jvm.dll+0x772d6d]  (no source info available)
V  [jvm.dll+0x965d53]  (no source info available)
V  [jvm.dll+0x968351]  (no source info available)
V  [jvm.dll+0x968a63]  (no source info available)
V  [jvm.dll+0x2fc846]  (no source info available)
V  [jvm.dll+0x111b16]  (no source info available)
V  [jvm.dll+0x111e3e]  (no source info available)
V  [jvm.dll+0x45276d]  (no source info available)
V  [jvm.dll+0x421aa2]  (no source info available)
V  [jvm.dll+0x420eba]  (no source info available)
V  [jvm.dll+0x2c0979]  (no source info available)
V  [jvm.dll+0x2bfb5f]  (no source info available)
V  [jvm.dll+0x2379a0]  (no source info available)
V  [jvm.dll+0x2cfc86]  (no source info available)
V  [jvm.dll+0x2cdf05]  (no source info available)
V  [jvm.dll+0x48e9d1]  (no source info available)
V  [jvm.dll+0x906fcd]  (no source info available)
V  [jvm.dll+0x7a56d5]  (no source info available)
C  [ucrtbase.dll+0x37b0]  (no source info available)
C  [KERNEL32.DLL+0x2e8d7]  (no source info available)
C  [ntdll.dll+0x8c48c]  (no source info available)

Lock stack of current Java thread (top to bottom):


---------------  P R O C E S S  ---------------

Threads class SMR info:
_java_thread_list=0x000001cd9b05e130, length=19, elements={
0x000001cdb36278e0, 0x000001cdda3c6900, 0x000001cdda3c7360, 0x000001cdda3c85d0,
0x000001cdda3ca2f0, 0x000001cdda3ccec0, 0x000001cdda3cda80, 0x000001cdda3d0d90,
0x000001cdda3d19a0, 0x000001cdda4ba450, 0x000001cddf1b0770, 0x000001cddf7b0aa0,
0x000001cddfadca30, 0x000001cddf49bb90, 0x000001cde007d0f0, 0x000001cde0098b90,
0x000001cde00bb9c0, 0x000001cde0547370, 0x000001cde070b7c0
}

Java Threads: ( => current thread )
  0x000001cdb36278e0 JavaThread "main"                              [_thread_blocked, id=26484, stack(0x0000006e7d000000,0x0000006e7d100000) (1024K)]
  0x000001cdda3c6900 JavaThread "Reference Handler"          daemon [_thread_blocked, id=17812, stack(0x0000006e7d800000,0x0000006e7d900000) (1024K)]
  0x000001cdda3c7360 JavaThread "Finalizer"                  daemon [_thread_blocked, id=23048, stack(0x0000006e7d900000,0x0000006e7da00000) (1024K)]
  0x000001cdda3c85d0 JavaThread "Signal Dispatcher"          daemon [_thread_blocked, id=29268, stack(0x0000006e7da00000,0x0000006e7db00000) (1024K)]
  0x000001cdda3ca2f0 JavaThread "Attach Listener"            daemon [_thread_blocked, id=33904, stack(0x0000006e7db00000,0x0000006e7dc00000) (1024K)]
  0x000001cdda3ccec0 JavaThread "Service Thread"             daemon [_thread_blocked, id=31380, stack(0x0000006e7dc00000,0x0000006e7dd00000) (1024K)]
  0x000001cdda3cda80 JavaThread "Monitor Deflation Thread"   daemon [_thread_blocked, id=15284, stack(0x0000006e7dd00000,0x0000006e7de00000) (1024K)]
=>0x000001cdda3d0d90 JavaThread "C2 CompilerThread0"         daemon [_thread_in_native, id=9108, stack(0x0000006e7de00000,0x0000006e7df00000) (1024K)]
  0x000001cdda3d19a0 JavaThread "C1 CompilerThread0"         daemon [_thread_blocked, id=7108, stack(0x0000006e7df00000,0x0000006e7e000000) (1024K)]
  0x000001cdda4ba450 JavaThread "Common-Cleaner"             daemon [_thread_blocked, id=14820, stack(0x0000006e7e000000,0x0000006e7e100000) (1024K)]
  0x000001cddf1b0770 JavaThread "Notification Thread"        daemon [_thread_blocked, id=33228, stack(0x0000006e7e300000,0x0000006e7e400000) (1024K)]
  0x000001cddf7b0aa0 JavaThread "QuantumRenderer-0"          daemon [_thread_blocked, id=32852, stack(0x0000006e7e200000,0x0000006e7e300000) (1024K)]
  0x000001cddfadca30 JavaThread "InvokeLaterDispatcher"      daemon [_thread_blocked, id=32536, stack(0x0000006e7e400000,0x0000006e7e500000) (1024K)]
  0x000001cddf49bb90 JavaThread "JavaFX Application Thread"         [_thread_in_native, id=32028, stack(0x0000006e7e500000,0x0000006e7e600000) (1024K)]
  0x000001cde007d0f0 JavaThread "JavaFX-Launcher"                   [_thread_blocked, id=29716, stack(0x0000006e7f500000,0x0000006e7f600000) (1024K)]
  0x000001cde0098b90 JavaThread "Thread-2"                   daemon [_thread_in_native, id=392, stack(0x0000006e7e100000,0x0000006e7e200000) (1024K)]
  0x000001cde00bb9c0 JavaThread "Prism Font Disposer"        daemon [_thread_blocked, id=26076, stack(0x0000006e7f700000,0x0000006e7f800000) (1024K)]
  0x000001cde0547370 JavaThread "Cleaner-0"                  daemon [_thread_blocked, id=32328, stack(0x0000006e00400000,0x0000006e00500000) (1024K)]
  0x000001cde070b7c0 JavaThread "mysql-cj-abandoned-connection-cleanup" daemon [_thread_blocked, id=30392, stack(0x0000006e02600000,0x0000006e02700000) (1024K)]
Total: 19

Other Threads:
  0x000001cdd7901f00 VMThread "VM Thread"                           [id=29920, stack(0x0000006e7d700000,0x0000006e7d800000) (1024K)]
  0x000001cdd78f55e0 WatcherThread "VM Periodic Task Thread"        [id=9388, stack(0x0000006e7d600000,0x0000006e7d700000) (1024K)]
  0x000001cdb3c60480 WorkerThread "GC Thread#0"                     [id=5276, stack(0x0000006e7d100000,0x0000006e7d200000) (1024K)]
  0x000001cde036a8a0 WorkerThread "GC Thread#1"                     [id=33548, stack(0x0000006e7f800000,0x0000006e7f900000) (1024K)]
  0x000001cde0350a60 WorkerThread "GC Thread#2"                     [id=28676, stack(0x0000006e7f900000,0x0000006e7fa00000) (1024K)]
  0x000001cde036e0e0 WorkerThread "GC Thread#3"                     [id=35496, stack(0x0000006e7fa00000,0x0000006e7fb00000) (1024K)]
  0x000001cde036e510 WorkerThread "GC Thread#4"                     [id=20576, stack(0x0000006e7fb00000,0x0000006e7fc00000) (1024K)]
  0x000001cde036e940 WorkerThread "GC Thread#5"                     [id=29192, stack(0x0000006e7fc00000,0x0000006e7fd00000) (1024K)]
  0x000001cde0366340 WorkerThread "GC Thread#6"                     [id=24736, stack(0x0000006e7fd00000,0x0000006e7fe00000) (1024K)]
  0x000001cde036ed70 WorkerThread "GC Thread#7"                     [id=6164, stack(0x0000006e7fe00000,0x0000006e7ff00000) (1024K)]
  0x000001cde03499e0 WorkerThread "GC Thread#8"                     [id=2416, stack(0x0000006e7ff00000,0x0000006e80000000) (1024K)]
  0x000001cde03d8050 WorkerThread "GC Thread#9"                     [id=35248, stack(0x0000006e00000000,0x0000006e00100000) (1024K)]
  0x000001cdb3c6e0e0 ConcurrentGCThread "G1 Main Marker"            [id=20188, stack(0x0000006e7d200000,0x0000006e7d300000) (1024K)]
  0x000001cdd775a010 WorkerThread "G1 Conc#0"                       [id=25820, stack(0x0000006e7d300000,0x0000006e7d400000) (1024K)]
  0x000001cded164fc0 WorkerThread "G1 Conc#1"                       [id=30004, stack(0x0000006e00700000,0x0000006e00800000) (1024K)]
  0x000001cded166100 WorkerThread "G1 Conc#2"                       [id=6016, stack(0x0000006e00800000,0x0000006e00900000) (1024K)]
  0x000001cdd77bbd50 ConcurrentGCThread "G1 Refine#0"               [id=24264, stack(0x0000006e7d400000,0x0000006e7d500000) (1024K)]
  0x000001cdd77bc960 ConcurrentGCThread "G1 Service"                [id=29536, stack(0x0000006e7d500000,0x0000006e7d600000) (1024K)]
Total: 18

Threads with active compile tasks:
C2 CompilerThread0  739881 13885       4       com.sun.scenario.animation.shared.TimelineClipCore::playTo (353 bytes)
Total: 1

VM state: not at safepoint (normal execution)

VM Mutex/Monitor currently owned by a thread: None

Heap address: 0x0000000605000000, size: 8112 MB, Compressed Oops mode: Zero based, Oop shift amount: 3

CDS archive(s) mapped at: [0x000000008d000000-0x000000008ddd0000-0x000000008ddd0000), size 14483456, SharedBaseAddress: 0x000000008d000000, ArchiveRelocationMode: 1.
Compressed class space mapped at: 0x000000008e000000-0x00000000ce000000, reserved size: 1073741824
UseCompressedClassPointers 1, UseCompactObjectHeaders 0
Narrow klass pointer bits 32, Max shift 3
Narrow klass base: 0x000000008d000000, Narrow klass shift: 0
Encoding Range: [0x000000008d000000 - 0x000000018d000000), (4294967296 bytes)
Klass Range:    [0x000000008d010000 - 0x00000000ce000000), (1090453504 bytes)
Klass ID Range:  [65536 - 1090519033) (1090453497)
Protection zone: [0x000000008d000000 - 0x000000008d010000), (65536 bytes)

GC Precious Log:
 CardTable entry size: 512
 Card Set container configuration: InlinePtr #cards 4 size 8 Array Of Cards #cards 32 size 80 Howl #buckets 8 coarsen threshold 7372 Howl Bitmap #cards 1024 size 144 coarsen threshold 921 Card regions per heap region 1 cards per card region 8192
 CPUs: 12 total, 12 available
 Memory: 32441M
 Large Page Support: Disabled
 NUMA Support: Disabled
 Compressed Oops: Enabled (Zero based)
 Heap Region Size: 4M
 Heap Min Capacity: 8M
 Heap Initial Capacity: 508M
 Heap Max Capacity: 8112M
 Pre-touch: Disabled
 Parallel Workers: 10
 Concurrent Workers: 3
 Concurrent Refinement Workers: 10
 Periodic GC: Disabled

Heap:
 garbage-first heap   total reserved 8306688K, committed 380928K, used 210894K [0x0000000605000000, 0x0000000800000000)
  region size 4096K, 30 young (122880K), 6 survivors (24576K)

Heap Regions: E=young(eden), S=young(survivor), O=old, HS=humongous(starts), HC=humongous(continues), CS=collection set, F=free, TAMS=top-at-mark-start, PB=parsable bottom
|   0|0x0000000605000000, 0x0000000605400000, 0x0000000605400000|100%| O|  |TAMS 0x0000000605000000| PB 0x0000000605000000| Untracked |  0
|   1|0x0000000605400000, 0x0000000605800000, 0x0000000605800000|100%| O|  |TAMS 0x0000000605400000| PB 0x0000000605400000| Untracked |  0
|   2|0x0000000605800000, 0x0000000605c00000, 0x0000000605c00000|100%| O|  |TAMS 0x0000000605800000| PB 0x0000000605800000| Untracked |  0
|   3|0x0000000605c00000, 0x0000000606000000, 0x0000000606000000|100%|HS|  |TAMS 0x0000000605c00000| PB 0x0000000605c00000| Complete |  0
|   4|0x0000000606000000, 0x0000000606400000, 0x0000000606400000|100%| O|  |TAMS 0x0000000606000000| PB 0x0000000606000000| Untracked |  0
|   5|0x0000000606400000, 0x0000000606800000, 0x0000000606800000|100%|HS|  |TAMS 0x0000000606400000| PB 0x0000000606400000| Complete |  0
|   6|0x0000000606800000, 0x0000000606c00000, 0x0000000606c00000|100%|HS|  |TAMS 0x0000000606800000| PB 0x0000000606800000| Complete |  0
|   7|0x0000000606c00000, 0x0000000607000000, 0x0000000607000000|100%|HC|  |TAMS 0x0000000606c00000| PB 0x0000000606c00000| Complete |  0
|   8|0x0000000607000000, 0x0000000607000000, 0x0000000607400000|  0%| F|  |TAMS 0x0000000607000000| PB 0x0000000607000000| Untracked |  0
|   9|0x0000000607400000, 0x0000000607400000, 0x0000000607800000|  0%| F|  |TAMS 0x0000000607400000| PB 0x0000000607400000| Untracked |  0
|  10|0x0000000607800000, 0x0000000607c00000, 0x0000000607c00000|100%| O|Cm|TAMS 0x0000000607800000| PB 0x0000000607800000| Complete |  0
|  11|0x0000000607c00000, 0x0000000608000000, 0x0000000608000000|100%| O|  |TAMS 0x0000000607c00000| PB 0x0000000607c00000| Untracked |  0
|  12|0x0000000608000000, 0x0000000608000000, 0x0000000608400000|  0%| F|  |TAMS 0x0000000608000000| PB 0x0000000608000000| Untracked |  0
|  13|0x0000000608400000, 0x0000000608800000, 0x0000000608800000|100%|HS|  |TAMS 0x0000000608400000| PB 0x0000000608400000| Complete |  0
|  14|0x0000000608800000, 0x0000000608c00000, 0x0000000608c00000|100%|HS|  |TAMS 0x0000000608800000| PB 0x0000000608800000| Complete |  0
|  15|0x0000000608c00000, 0x0000000608c00000, 0x0000000609000000|  0%| F|  |TAMS 0x0000000608c00000| PB 0x0000000608c00000| Untracked |  0
|  16|0x0000000609000000, 0x0000000609000000, 0x0000000609400000|  0%| F|  |TAMS 0x0000000609000000| PB 0x0000000609000000| Untracked |  0
|  17|0x0000000609400000, 0x0000000609800000, 0x0000000609800000|100%| O|  |TAMS 0x0000000609400000| PB 0x0000000609400000| Untracked |  0
|  18|0x0000000609800000, 0x0000000609800000, 0x0000000609c00000|  0%| F|  |TAMS 0x0000000609800000| PB 0x0000000609800000| Untracked |  0
|  19|0x0000000609c00000, 0x0000000609c00000, 0x000000060a000000|  0%| F|  |TAMS 0x0000000609c00000| PB 0x0000000609c00000| Untracked |  0
|  20|0x000000060a000000, 0x000000060a000000, 0x000000060a400000|  0%| F|  |TAMS 0x000000060a000000| PB 0x000000060a000000| Untracked |  0
|  21|0x000000060a400000, 0x000000060a400000, 0x000000060a800000|  0%| F|  |TAMS 0x000000060a400000| PB 0x000000060a400000| Untracked |  0
|  22|0x000000060a800000, 0x000000060a815568, 0x000000060ac00000|  2%| O|  |TAMS 0x000000060a800000| PB 0x000000060a800000| Untracked |  0
|  23|0x000000060ac00000, 0x000000060b000000, 0x000000060b000000|100%|HS|  |TAMS 0x000000060ac00000| PB 0x000000060ac00000| Complete |  0
|  24|0x000000060b000000, 0x000000060b400000, 0x000000060b400000|100%|HS|  |TAMS 0x000000060b000000| PB 0x000000060b000000| Complete |  0
|  25|0x000000060b400000, 0x000000060b800000, 0x000000060b800000|100%|HC|  |TAMS 0x000000060b400000| PB 0x000000060b400000| Complete |  0
|  26|0x000000060b800000, 0x000000060b800000, 0x000000060bc00000|  0%| F|  |TAMS 0x000000060b800000| PB 0x000000060b800000| Untracked |  0
|  27|0x000000060bc00000, 0x000000060bc00000, 0x000000060c000000|  0%| F|  |TAMS 0x000000060bc00000| PB 0x000000060bc00000| Untracked |  0
|  28|0x000000060c000000, 0x000000060c000000, 0x000000060c400000|  0%| F|  |TAMS 0x000000060c000000| PB 0x000000060c000000| Untracked |  0
|  29|0x000000060c400000, 0x000000060c400000, 0x000000060c800000|  0%| F|  |TAMS 0x000000060c400000| PB 0x000000060c400000| Untracked |  0
|  30|0x000000060c800000, 0x000000060c800000, 0x000000060cc00000|  0%| F|  |TAMS 0x000000060c800000| PB 0x000000060c800000| Untracked |  0
|  31|0x000000060cc00000, 0x000000060cc00000, 0x000000060d000000|  0%| F|  |TAMS 0x000000060cc00000| PB 0x000000060cc00000| Untracked |  0
|  32|0x000000060d000000, 0x000000060d000000, 0x000000060d400000|  0%| F|  |TAMS 0x000000060d000000| PB 0x000000060d000000| Untracked |  0
|  33|0x000000060d400000, 0x000000060d400000, 0x000000060d800000|  0%| F|  |TAMS 0x000000060d400000| PB 0x000000060d400000| Untracked |  0
|  34|0x000000060d800000, 0x000000060d800000, 0x000000060dc00000|  0%| F|  |TAMS 0x000000060d800000| PB 0x000000060d800000| Untracked |  0
|  35|0x000000060dc00000, 0x000000060dc00000, 0x000000060e000000|  0%| F|  |TAMS 0x000000060dc00000| PB 0x000000060dc00000| Untracked |  0
|  36|0x000000060e000000, 0x000000060e000000, 0x000000060e400000|  0%| F|  |TAMS 0x000000060e000000| PB 0x000000060e000000| Untracked |  0
|  37|0x000000060e400000, 0x000000060e400000, 0x000000060e800000|  0%| F|  |TAMS 0x000000060e400000| PB 0x000000060e400000| Untracked |  0
|  38|0x000000060e800000, 0x000000060e800000, 0x000000060ec00000|  0%| F|  |TAMS 0x000000060e800000| PB 0x000000060e800000| Untracked |  0
|  39|0x000000060ec00000, 0x000000060ec00000, 0x000000060f000000|  0%| F|  |TAMS 0x000000060ec00000| PB 0x000000060ec00000| Untracked |  0
|  40|0x000000060f000000, 0x000000060f000000, 0x000000060f400000|  0%| F|  |TAMS 0x000000060f000000| PB 0x000000060f000000| Untracked |  0
|  41|0x000000060f400000, 0x000000060f400000, 0x000000060f800000|  0%| F|  |TAMS 0x000000060f400000| PB 0x000000060f400000| Untracked |  0
|  42|0x000000060f800000, 0x000000060f800000, 0x000000060fc00000|  0%| F|  |TAMS 0x000000060f800000| PB 0x000000060f800000| Untracked |  0
|  43|0x000000060fc00000, 0x000000060fc00000, 0x0000000610000000|  0%| F|  |TAMS 0x000000060fc00000| PB 0x000000060fc00000| Untracked |  0
|  44|0x0000000610000000, 0x0000000610000000, 0x0000000610400000|  0%| F|  |TAMS 0x0000000610000000| PB 0x0000000610000000| Untracked |  0
|  45|0x0000000610400000, 0x0000000610400000, 0x0000000610800000|  0%| F|  |TAMS 0x0000000610400000| PB 0x0000000610400000| Untracked |  0
|  46|0x0000000610800000, 0x0000000610800000, 0x0000000610c00000|  0%| F|  |TAMS 0x0000000610800000| PB 0x0000000610800000| Untracked |  0
|  47|0x0000000610c00000, 0x0000000610c00000, 0x0000000611000000|  0%| F|  |TAMS 0x0000000610c00000| PB 0x0000000610c00000| Untracked |  0
|  48|0x0000000611000000, 0x0000000611000000, 0x0000000611400000|  0%| F|  |TAMS 0x0000000611000000| PB 0x0000000611000000| Untracked |  0
|  49|0x0000000611400000, 0x0000000611400000, 0x0000000611800000|  0%| F|  |TAMS 0x0000000611400000| PB 0x0000000611400000| Untracked |  0
|  50|0x0000000611800000, 0x0000000611800000, 0x0000000611c00000|  0%| F|  |TAMS 0x0000000611800000| PB 0x0000000611800000| Untracked |  0
|  51|0x0000000611c00000, 0x0000000611c00000, 0x0000000612000000|  0%| F|  |TAMS 0x0000000611c00000| PB 0x0000000611c00000| Untracked |  0
|  52|0x0000000612000000, 0x0000000612000000, 0x0000000612400000|  0%| F|  |TAMS 0x0000000612000000| PB 0x0000000612000000| Untracked |  0
|  53|0x0000000612400000, 0x0000000612400000, 0x0000000612800000|  0%| F|  |TAMS 0x0000000612400000| PB 0x0000000612400000| Untracked |  0
|  54|0x0000000612800000, 0x0000000612a18508, 0x0000000612c00000| 52%| E|  |TAMS 0x0000000612800000| PB 0x0000000612800000| Complete |  0
|  55|0x0000000612c00000, 0x0000000613000000, 0x0000000613000000|100%| E|CS|TAMS 0x0000000612c00000| PB 0x0000000612c00000| Complete |  0
|  56|0x0000000613000000, 0x0000000613400000, 0x0000000613400000|100%| E|CS|TAMS 0x0000000613000000| PB 0x0000000613000000| Complete |  0
|  57|0x0000000613400000, 0x0000000613800000, 0x0000000613800000|100%| E|CS|TAMS 0x0000000613400000| PB 0x0000000613400000| Complete |  0
|  58|0x0000000613800000, 0x0000000613c00000, 0x0000000613c00000|100%| E|CS|TAMS 0x0000000613800000| PB 0x0000000613800000| Complete |  0
|  59|0x0000000613c00000, 0x0000000614000000, 0x0000000614000000|100%| E|CS|TAMS 0x0000000613c00000| PB 0x0000000613c00000| Complete |  0
|  60|0x0000000614000000, 0x0000000614400000, 0x0000000614400000|100%| E|CS|TAMS 0x0000000614000000| PB 0x0000000614000000| Complete |  0
|  61|0x0000000614400000, 0x0000000614800000, 0x0000000614800000|100%| E|CS|TAMS 0x0000000614400000| PB 0x0000000614400000| Complete |  0
|  62|0x0000000614800000, 0x0000000614c00000, 0x0000000614c00000|100%| E|CS|TAMS 0x0000000614800000| PB 0x0000000614800000| Complete |  0
|  63|0x0000000614c00000, 0x0000000615000000, 0x0000000615000000|100%| E|CS|TAMS 0x0000000614c00000| PB 0x0000000614c00000| Complete |  0
|  64|0x0000000615000000, 0x0000000615400000, 0x0000000615400000|100%| E|CS|TAMS 0x0000000615000000| PB 0x0000000615000000| Complete |  0
|  65|0x0000000615400000, 0x0000000615800000, 0x0000000615800000|100%| E|CS|TAMS 0x0000000615400000| PB 0x0000000615400000| Complete |  0
|  66|0x0000000615800000, 0x0000000615c00000, 0x0000000615c00000|100%| E|CS|TAMS 0x0000000615800000| PB 0x0000000615800000| Complete |  0
|  67|0x0000000615c00000, 0x0000000616000000, 0x0000000616000000|100%| E|CS|TAMS 0x0000000615c00000| PB 0x0000000615c00000| Complete |  0
|  68|0x0000000616000000, 0x0000000616400000, 0x0000000616400000|100%| E|  |TAMS 0x0000000616000000| PB 0x0000000616000000| Complete |  0
|  69|0x0000000616400000, 0x0000000616800000, 0x0000000616800000|100%| E|CS|TAMS 0x0000000616400000| PB 0x0000000616400000| Complete |  0
|  70|0x0000000616800000, 0x0000000616c00000, 0x0000000616c00000|100%| E|CS|TAMS 0x0000000616800000| PB 0x0000000616800000| Complete |  0
|  71|0x0000000616c00000, 0x0000000617000000, 0x0000000617000000|100%| E|CS|TAMS 0x0000000616c00000| PB 0x0000000616c00000| Complete |  0
|  72|0x0000000617000000, 0x0000000617400000, 0x0000000617400000|100%| E|CS|TAMS 0x0000000617000000| PB 0x0000000617000000| Complete |  0
|  73|0x0000000617400000, 0x0000000617800000, 0x0000000617800000|100%| S|CS|TAMS 0x0000000617400000| PB 0x0000000617400000| Complete |  0
|  74|0x0000000617800000, 0x0000000617c00000, 0x0000000617c00000|100%| S|CS|TAMS 0x0000000617800000| PB 0x0000000617800000| Complete |  0
|  75|0x0000000617c00000, 0x0000000618000000, 0x0000000618000000|100%| S|CS|TAMS 0x0000000617c00000| PB 0x0000000617c00000| Complete |  0
|  76|0x0000000618000000, 0x0000000618400000, 0x0000000618400000|100%| S|CS|TAMS 0x0000000618000000| PB 0x0000000618000000| Complete |  0
|  77|0x0000000618400000, 0x0000000618800000, 0x0000000618800000|100%| S|CS|TAMS 0x0000000618400000| PB 0x0000000618400000| Complete |  0
|  78|0x0000000618800000, 0x00000006188f6130, 0x0000000618c00000| 24%| S|CS|TAMS 0x0000000618800000| PB 0x0000000618800000| Complete |  0
|2003|0x00000007f9c00000, 0x00000007f9ce8518, 0x00000007fa000000| 22%| O|Cm|TAMS 0x00000007f9c00000| PB 0x00000007f9c00000| Complete |  0
|2004|0x00000007fa000000, 0x00000007fa400000, 0x00000007fa400000|100%| O|Cm|TAMS 0x00000007fa000000| PB 0x00000007fa000000| Complete |  0
|2005|0x00000007fa400000, 0x00000007fa800000, 0x00000007fa800000|100%| O|Cm|TAMS 0x00000007fa400000| PB 0x00000007fa400000| Complete |  0
|2006|0x00000007fa800000, 0x00000007fac00000, 0x00000007fac00000|100%| O|  |TAMS 0x00000007fa800000| PB 0x00000007fa800000| Untracked |  0
|2007|0x00000007fac00000, 0x00000007fb000000, 0x00000007fb000000|100%| O|  |TAMS 0x00000007fac00000| PB 0x00000007fac00000| Untracked |  0
|2008|0x00000007fb000000, 0x00000007fb400000, 0x00000007fb400000|100%| O|  |TAMS 0x00000007fb000000| PB 0x00000007fb000000| Untracked |  0
|2017|0x00000007fd400000, 0x00000007fd800000, 0x00000007fd800000|100%| E|CS|TAMS 0x00000007fd400000| PB 0x00000007fd400000| Complete |  0
|2018|0x00000007fd800000, 0x00000007fdc00000, 0x00000007fdc00000|100%| E|CS|TAMS 0x00000007fd800000| PB 0x00000007fd800000| Complete |  0
|2019|0x00000007fdc00000, 0x00000007fe000000, 0x00000007fe000000|100%| E|CS|TAMS 0x00000007fdc00000| PB 0x00000007fdc00000| Complete |  0
|2020|0x00000007fe000000, 0x00000007fe400000, 0x00000007fe400000|100%| O|  |TAMS 0x00000007fe000000| PB 0x00000007fe000000| Untracked |  0
|2021|0x00000007fe400000, 0x00000007fe800000, 0x00000007fe800000|100%| E|CS|TAMS 0x00000007fe400000| PB 0x00000007fe400000| Complete |  0
|2025|0x00000007ff400000, 0x00000007ff800000, 0x00000007ff800000|100%| O|Cm|TAMS 0x00000007ff400000| PB 0x00000007ff400000| Complete |  0
|2026|0x00000007ff800000, 0x00000007ffc00000, 0x00000007ffc00000|100%| O|  |TAMS 0x00000007ff800000| PB 0x00000007ff800000| Untracked |  0
|2027|0x00000007ffc00000, 0x0000000800000000, 0x0000000800000000|100%| E|CS|TAMS 0x00000007ffc00000| PB 0x00000007ffc00000| Complete |  0

Card table byte_map: [0x000001cdce7e0000,0x000001cdcf7c0000] _byte_map_base: 0x000001cdcb7b8000

Marking Bits: (CMBitMap*) 0x000001cdb3c60c10
 Bits: [0x000001cdcf7c0000, 0x000001cdd7680000)

Polling page: 0x000001cdb3c80000

Metaspace:
Metaspace        used 38103K, committed 38400K, reserved 1114112K
 class space     used 4980K, committed 5120K, reserved 1048576K

Usage:
  Non-class:     32.35 MB used.
      Class:      4.86 MB used.
       Both:     37.21 MB used.

Virtual space:
  Non-class space:       64.00 MB reserved,      32.50 MB ( 51%) committed,  1 nodes.
      Class space:        1.00 GB reserved,       5.00 MB ( <1%) committed,  1 nodes.
             Both:        1.06 GB reserved,      37.50 MB (  3%) committed. 

Chunk freelists:
   Non-Class:  14.95 MB
       Class:  10.82 MB
        Both:  25.78 MB

MaxMetaspaceSize: unlimited
CompressedClassSpaceSize: 1.00 GB
Initial GC threshold: 21.00 MB
Current GC threshold: 62.00 MB
CDS: on
 - commit_granule_bytes: 65536.
 - commit_granule_words: 8192.
 - virtual_space_node_default_size: 8388608.
 - enlarge_chunks_in_place: 1.
UseCompressedClassPointers 1, UseCompactObjectHeaders 0
Narrow klass pointer bits 32, Max shift 3
Narrow klass base: 0x000000008d000000, Narrow klass shift: 0
Encoding Range: [0x000000008d000000 - 0x000000018d000000), (4294967296 bytes)
Klass Range:    [0x000000008d010000 - 0x00000000ce000000), (1090453504 bytes)
Klass ID Range:  [65536 - 1090519033) (1090453497)
Protection zone: [0x000000008d000000 - 0x000000008d010000), (65536 bytes)


Internal statistics:

num_allocs_failed_limit: 3.
num_arena_births: 428.
num_arena_deaths: 0.
num_vsnodes_births: 2.
num_vsnodes_deaths: 0.
num_space_committed: 600.
num_space_uncommitted: 0.
num_chunks_returned_to_freelist: 3.
num_chunks_taken_from_freelist: 1563.
num_chunk_merges: 3.
num_chunk_splits: 1069.
num_chunks_enlarged: 818.
num_inconsistent_stats: 0.

CodeHeap 'non-profiled nmethods': size=120064Kb used=7878Kb max_used=7878Kb free=112185Kb
 bounds [0x000001cdc5620000, 0x000001cdc5de0000, 0x000001cdccb60000]
CodeHeap 'profiled nmethods': size=120000Kb used=18423Kb max_used=18423Kb free=101576Kb
 bounds [0x000001cdbdb60000, 0x000001cdbed60000, 0x000001cdc5090000]
CodeHeap 'non-nmethods': size=5696Kb used=2116Kb max_used=2243Kb free=3579Kb
 bounds [0x000001cdc5090000, 0x000001cdc5300000, 0x000001cdc5620000]
CodeCache: size=245760Kb, used=28417Kb, max_used=28544Kb, free=217340Kb
 total_blobs=12344, nmethods=11103, adapters=1143, full_count=0
Compilation: enabled, stopped_count=0, restarted_count=0

Compilation events (20 events):
Event: 661.180 Thread 0x000001cdda3d0d90 nmethod 13875 0x000001cdc5dcc588 code [0x000001cdc5dcc680, 0x000001cdc5dcc758]
Event: 673.189 Thread 0x000001cdda3d0d90 13876       4       java.util.concurrent.ConcurrentHashMap::<init> (73 bytes)
Event: 673.191 Thread 0x000001cdda3d0d90 nmethod 13876 0x000001cdc5dcc888 code [0x000001cdc5dcc9a0, 0x000001cdc5dccba0]
Event: 687.158 Thread 0x000001cdda3d0d90 13877       4       java.util.Formatter$FormatSpecifier::print (234 bytes)
Event: 687.189 Thread 0x000001cdda3d0d90 nmethod 13877 0x000001cdc5dccc08 code [0x000001cdc5dccd20, 0x000001cdc5dcddc8]
Event: 705.134 Thread 0x000001cdda3d0d90 13878       4       java.util.Formatter$FormatSpecifierParser::parse (228 bytes)
Event: 705.245 Thread 0x000001cdda3d0d90 nmethod 13878 0x000001cdc5dcde08 code [0x000001cdc5dcdf00, 0x000001cdc5dd0350]
Event: 709.209 Thread 0x000001cdda3d0d90 13879       4       java.lang.StringUTF16::compress (56 bytes)
Event: 709.217 Thread 0x000001cdda3d0d90 nmethod 13879 0x000001cdc5dd0388 code [0x000001cdc5dd0480, 0x000001cdc5dd0720]
Event: 709.887 Thread 0x000001cdda3d19a0 13880   !   3       com.sun.scenario.animation.shared.FiniteClipEnvelope::timePulse (377 bytes)
Event: 709.889 Thread 0x000001cdda3d19a0 nmethod 13880 0x000001cdbed5c488 code [0x000001cdbed5c580, 0x000001cdbed5d7d8]
Event: 719.207 Thread 0x000001cdda3d0d90 13881   !   4       java.lang.StringUTF16::replace (625 bytes)
Event: 719.233 Thread 0x000001cdda3d0d90 nmethod 13881 0x000001cdc5dd0788 code [0x000001cdc5dd0880, 0x000001cdc5dd1680]
Event: 719.233 Thread 0x000001cdda3d0d90 13882       4       com.mysql.cj.protocol.a.MysqlTextValueDecoder::decodeUInt8 (46 bytes)
Event: 719.234 Thread 0x000001cdda3d0d90 nmethod 13882 0x000001cdc5dd1708 code [0x000001cdc5dd1800, 0x000001cdc5dd1970]
Event: 738.961 Thread 0x000001cdda3d19a0 13883       3       jdk.internal.misc.VM::isModuleSystemInited (13 bytes)
Event: 738.962 Thread 0x000001cdda3d19a0 nmethod 13883 0x000001cdbed5d808 code [0x000001cdbed5d900, 0x000001cdbed5da48]
Event: 738.962 Thread 0x000001cdda3d19a0 13884       3       java.util.Collections$SingletonSet::iterator (8 bytes)
Event: 738.963 Thread 0x000001cdda3d19a0 nmethod 13884 0x000001cdbed5db08 code [0x000001cdbed5dc00, 0x000001cdbed5dee8]
Event: 739.621 Thread 0x000001cdda3d0d90 13885       4       com.sun.scenario.animation.shared.TimelineClipCore::playTo (353 bytes)

GC Heap Usage History (20 events):
Event: 126.047 {heap Before GC invocations=21 (full 0):
 garbage-first heap   total reserved 8306688K, committed 389120K, used 381424K [0x0000000605000000, 0x0000000800000000)
  region size 4096K, 40 young (163840K), 2 survivors (8192K)
}
Event: 126.060 {heap After GC invocations=22 (full 0):
 garbage-first heap   total reserved 8306688K, committed 417792K, used 191189K [0x0000000605000000, 0x0000000800000000)
  region size 4096K, 7 young (28672K), 7 survivors (28672K)
}
Event: 137.300 {heap Before GC invocations=22 (full 0):
 garbage-first heap   total reserved 8306688K, committed 479232K, used 473813K [0x0000000605000000, 0x0000000800000000)
  region size 4096K, 45 young (184320K), 7 survivors (28672K)
}
Event: 137.314 {heap After GC invocations=23 (full 0):
 garbage-first heap   total reserved 8306688K, committed 528384K, used 266699K [0x0000000605000000, 0x0000000800000000)
  region size 4096K, 6 young (24576K), 6 survivors (24576K)
}
Event: 138.687 {heap Before GC invocations=23 (full 0):
 garbage-first heap   total reserved 8306688K, committed 528384K, used 287179K [0x0000000605000000, 0x0000000800000000)
  region size 4096K, 13 young (53248K), 6 survivors (24576K)
}
Event: 138.693 {heap After GC invocations=24 (full 0):
 garbage-first heap   total reserved 8306688K, committed 528384K, used 273489K [0x0000000605000000, 0x0000000800000000)
  region size 4096K, 2 young (8192K), 2 survivors (8192K)
}
Event: 230.113 {heap Before GC invocations=25 (full 0):
 garbage-first heap   total reserved 8306688K, committed 651264K, used 621649K [0x0000000605000000, 0x0000000800000000)
  region size 4096K, 43 young (176128K), 2 survivors (8192K)
}
Event: 230.129 {heap After GC invocations=26 (full 0):
 garbage-first heap   total reserved 8306688K, committed 708608K, used 283656K [0x0000000605000000, 0x0000000800000000)
  region size 4096K, 6 young (24576K), 6 survivors (24576K)
}
Event: 257.153 {heap Before GC invocations=26 (full 0):
 garbage-first heap   total reserved 8306688K, committed 770048K, used 766984K [0x0000000605000000, 0x0000000800000000)
  region size 4096K, 60 young (245760K), 6 survivors (24576K)
}
Event: 257.165 {heap After GC invocations=27 (full 0):
 garbage-first heap   total reserved 8306688K, committed 802816K, used 285733K [0x0000000605000000, 0x0000000800000000)
  region size 4096K, 3 young (12288K), 3 survivors (12288K)
}
Event: 257.676 {heap Before GC invocations=27 (full 0):
 garbage-first heap   total reserved 8306688K, committed 802816K, used 285733K [0x0000000605000000, 0x0000000800000000)
  region size 4096K, 4 young (16384K), 3 survivors (12288K)
}
Event: 257.680 {heap After GC invocations=28 (full 0):
 garbage-first heap   total reserved 8306688K, committed 802816K, used 280111K [0x0000000605000000, 0x0000000800000000)
  region size 4096K, 2 young (8192K), 2 survivors (8192K)
}
Event: 273.182 {heap Before GC invocations=29 (full 0):
 garbage-first heap   total reserved 8306688K, committed 487424K, used 480815K [0x0000000605000000, 0x0000000800000000)
  region size 4096K, 30 young (122880K), 2 survivors (8192K)
}
Event: 273.190 {heap After GC invocations=30 (full 0):
 garbage-first heap   total reserved 8306688K, committed 499712K, used 118555K [0x0000000605000000, 0x0000000800000000)
  region size 4096K, 3 young (12288K), 3 survivors (12288K)
}
Event: 362.551 {heap Before GC invocations=30 (full 0):
 garbage-first heap   total reserved 8306688K, committed 499712K, used 425755K [0x0000000605000000, 0x0000000800000000)
  region size 4096K, 69 young (282624K), 3 survivors (12288K)
}
Event: 362.561 {heap After GC invocations=31 (full 0):
 garbage-first heap   total reserved 8306688K, committed 499712K, used 94137K [0x0000000605000000, 0x0000000800000000)
  region size 4096K, 5 young (20480K), 5 survivors (20480K)
}
Event: 362.598 {heap Before GC invocations=31 (full 0):
 garbage-first heap   total reserved 8306688K, committed 499712K, used 94137K [0x0000000605000000, 0x0000000800000000)
  region size 4096K, 7 young (28672K), 5 survivors (20480K)
}
Event: 362.605 {heap After GC invocations=32 (full 0):
 garbage-first heap   total reserved 8306688K, committed 499712K, used 87309K [0x0000000605000000, 0x0000000800000000)
  region size 4096K, 4 young (16384K), 4 survivors (16384K)
}
Event: 475.879 {heap Before GC invocations=33 (full 0):
 garbage-first heap   total reserved 8306688K, committed 356352K, used 341261K [0x0000000605000000, 0x0000000800000000)
  region size 4096K, 52 young (212992K), 4 survivors (16384K)
}
Event: 475.891 {heap After GC invocations=34 (full 0):
 garbage-first heap   total reserved 8306688K, committed 380928K, used 108494K [0x0000000605000000, 0x0000000800000000)
  region size 4096K, 6 young (24576K), 6 survivors (24576K)
}

Metaspace Usage History (20 events):
Event: 126.047 {metaspace Before GC invocations=21 (full 0):
 Metaspace       used 34763K, committed 35072K, reserved 1114112K
  class space    used 4543K, committed 4736K, reserved 1048576K
}
Event: 126.060 {metaspace After GC invocations=22 (full 0):
 Metaspace       used 34763K, committed 35072K, reserved 1114112K
  class space    used 4543K, committed 4736K, reserved 1048576K
}
Event: 137.300 {metaspace Before GC invocations=22 (full 0):
 Metaspace       used 34871K, committed 35264K, reserved 1114112K
  class space    used 4546K, committed 4736K, reserved 1048576K
}
Event: 137.314 {metaspace After GC invocations=23 (full 0):
 Metaspace       used 34871K, committed 35264K, reserved 1114112K
  class space    used 4546K, committed 4736K, reserved 1048576K
}
Event: 138.687 {metaspace Before GC invocations=23 (full 0):
 Metaspace       used 34877K, committed 35264K, reserved 1114112K
  class space    used 4546K, committed 4736K, reserved 1048576K
}
Event: 138.693 {metaspace After GC invocations=24 (full 0):
 Metaspace       used 34877K, committed 35264K, reserved 1114112K
  class space    used 4546K, committed 4736K, reserved 1048576K
}
Event: 230.113 {metaspace Before GC invocations=25 (full 0):
 Metaspace       used 34976K, committed 35328K, reserved 1114112K
  class space    used 4546K, committed 4736K, reserved 1048576K
}
Event: 230.129 {metaspace After GC invocations=26 (full 0):
 Metaspace       used 34976K, committed 35328K, reserved 1114112K
  class space    used 4546K, committed 4736K, reserved 1048576K
}
Event: 257.153 {metaspace Before GC invocations=26 (full 0):
 Metaspace       used 35114K, committed 35456K, reserved 1114112K
  class space    used 4551K, committed 4736K, reserved 1048576K
}
Event: 257.165 {metaspace After GC invocations=27 (full 0):
 Metaspace       used 35114K, committed 35456K, reserved 1114112K
  class space    used 4551K, committed 4736K, reserved 1048576K
}
Event: 257.676 {metaspace Before GC invocations=27 (full 0):
 Metaspace       used 35114K, committed 35456K, reserved 1114112K
  class space    used 4551K, committed 4736K, reserved 1048576K
}
Event: 257.680 {metaspace After GC invocations=28 (full 0):
 Metaspace       used 35114K, committed 35456K, reserved 1114112K
  class space    used 4551K, committed 4736K, reserved 1048576K
}
Event: 273.182 {metaspace Before GC invocations=29 (full 0):
 Metaspace       used 35208K, committed 35584K, reserved 1114112K
  class space    used 4551K, committed 4736K, reserved 1048576K
}
Event: 273.190 {metaspace After GC invocations=30 (full 0):
 Metaspace       used 35208K, committed 35584K, reserved 1114112K
  class space    used 4551K, committed 4736K, reserved 1048576K
}
Event: 362.551 {metaspace Before GC invocations=30 (full 0):
 Metaspace       used 37680K, committed 38080K, reserved 1114112K
  class space    used 4943K, committed 5120K, reserved 1048576K
}
Event: 362.561 {metaspace After GC invocations=31 (full 0):
 Metaspace       used 37680K, committed 38080K, reserved 1114112K
  class space    used 4943K, committed 5120K, reserved 1048576K
}
Event: 362.598 {metaspace Before GC invocations=31 (full 0):
 Metaspace       used 37687K, committed 38080K, reserved 1114112K
  class space    used 4944K, committed 5120K, reserved 1048576K
}
Event: 362.605 {metaspace After GC invocations=32 (full 0):
 Metaspace       used 37687K, committed 38080K, reserved 1114112K
  class space    used 4944K, committed 5120K, reserved 1048576K
}
Event: 475.879 {metaspace Before GC invocations=33 (full 0):
 Metaspace       used 38001K, committed 38336K, reserved 1114112K
  class space    used 4971K, committed 5120K, reserved 1048576K
}
Event: 475.891 {metaspace After GC invocations=34 (full 0):
 Metaspace       used 38001K, committed 38336K, reserved 1114112K
  class space    used 4971K, committed 5120K, reserved 1048576K
}

Dll operation events (20 events):
Event: 0.316 Loaded shared library C:\Users\21624\.openjfx\cache\21+31\amd64\api-ms-win-crt-process-l1-1-0.dll
Event: 0.319 Loaded shared library C:\Users\21624\.openjfx\cache\21+31\amd64\api-ms-win-crt-runtime-l1-1-0.dll
Event: 0.322 Loaded shared library C:\Users\21624\.openjfx\cache\21+31\amd64\api-ms-win-crt-stdio-l1-1-0.dll
Event: 0.326 Loaded shared library C:\Users\21624\.openjfx\cache\21+31\amd64\api-ms-win-crt-string-l1-1-0.dll
Event: 0.329 Loaded shared library C:\Users\21624\.openjfx\cache\21+31\amd64\api-ms-win-crt-time-l1-1-0.dll
Event: 0.333 Loaded shared library C:\Users\21624\.openjfx\cache\21+31\amd64\api-ms-win-crt-utility-l1-1-0.dll
Event: 0.350 Loaded shared library C:\Users\21624\.openjfx\cache\21+31\amd64\ucrtbase.dll
Event: 0.355 Loaded shared library C:\Users\21624\.openjfx\cache\21+31\amd64\vcruntime140.dll
Event: 0.360 Loaded shared library C:\Users\21624\.openjfx\cache\21+31\amd64\vcruntime140_1.dll
Event: 0.370 Loaded shared library C:\Users\21624\.openjfx\cache\21+31\amd64\msvcp140.dll
Event: 0.373 Loaded shared library C:\Users\21624\.openjfx\cache\21+31\amd64\msvcp140_1.dll
Event: 0.378 Loaded shared library C:\Users\21624\.openjfx\cache\21+31\amd64\msvcp140_2.dll
Event: 0.415 Loaded shared library C:\Users\21624\.openjfx\cache\21+31\amd64\prism_d3d.dll
Event: 0.513 Loaded shared library C:\Users\21624\.openjfx\cache\21+31\amd64\glass.dll
Event: 0.656 Loaded shared library C:\Program Files\Java\jdk-25.0.2\bin\jimage.dll
Event: 0.874 Loaded shared library C:\Users\21624\.openjfx\cache\21+31\amd64\javafx_font.dll
Event: 5.898 Loaded shared library C:\Users\21624\.openjfx\cache\21+31\amd64\javafx_iio.dll
Event: 27.259 Loaded shared library C:\Users\21624\AppData\Local\Temp\opencv_openpnp1022718270168987070\nu\pattern\opencv\windows\x86_64\opencv_java451.dll
Event: 31.078 Loaded shared library C:\Program Files\Java\jdk-25.0.2\bin\extnet.dll
Event: 59.233 Loaded shared library C:\Program Files\Java\jdk-25.0.2\bin\sunmscapi.dll

Deoptimization events (20 events):
Event: 705.816 Thread 0x000001cddf49bb90 Uncommon trap: trap_request=0xffffff45 fr.pc=0x000001cdc5d85274 relative=0x00000000000005d4
Event: 705.816 Thread 0x000001cddf49bb90 Uncommon trap: reason=unstable_if action=reinterpret pc=0x000001cdc5d85274 method=com.sun.scenario.animation.shared.FiniteClipEnvelope.timePulse(J)V @ 90 c2
Event: 705.816 Thread 0x000001cddf49bb90 DEOPT PACKING pc=0x000001cdc5d85274 sp=0x0000006e7e5fed90
Event: 705.816 Thread 0x000001cddf49bb90 DEOPT UNPACKING pc=0x000001cdc51b3902 sp=0x0000006e7e5fecf8 mode 2
Event: 738.971 Thread 0x000001cddf49bb90 Uncommon trap: trap_request=0xffffffde fr.pc=0x000001cdc5b2f184 relative=0x0000000000000e64
Event: 738.971 Thread 0x000001cddf49bb90 Uncommon trap: reason=class_check action=maybe_recompile pc=0x000001cdc5b2f184 method=com.sun.scenario.animation.shared.InterpolationInterval$DoubleInterpolationInterval.interpolate(D)V @ 22 c2
Event: 738.971 Thread 0x000001cddf49bb90 DEOPT PACKING pc=0x000001cdc5b2f184 sp=0x0000006e7e5fec70
Event: 738.971 Thread 0x000001cddf49bb90 DEOPT UNPACKING pc=0x000001cdc51b3902 sp=0x0000006e7e5fea98 mode 2
Event: 738.985 Thread 0x000001cddf49bb90 Uncommon trap: trap_request=0xffffffde fr.pc=0x000001cdc5b2f184 relative=0x0000000000000e64
Event: 738.985 Thread 0x000001cddf49bb90 Uncommon trap: reason=class_check action=maybe_recompile pc=0x000001cdc5b2f184 method=com.sun.scenario.animation.shared.InterpolationInterval$DoubleInterpolationInterval.interpolate(D)V @ 22 c2
Event: 738.985 Thread 0x000001cddf49bb90 DEOPT PACKING pc=0x000001cdc5b2f184 sp=0x0000006e7e5fec70
Event: 738.985 Thread 0x000001cddf49bb90 DEOPT UNPACKING pc=0x000001cdc51b3902 sp=0x0000006e7e5fea98 mode 2
Event: 739.001 Thread 0x000001cddf49bb90 Uncommon trap: trap_request=0xffffffde fr.pc=0x000001cdc5b2f184 relative=0x0000000000000e64
Event: 739.001 Thread 0x000001cddf49bb90 Uncommon trap: reason=class_check action=maybe_recompile pc=0x000001cdc5b2f184 method=com.sun.scenario.animation.shared.InterpolationInterval$DoubleInterpolationInterval.interpolate(D)V @ 22 c2
Event: 739.001 Thread 0x000001cddf49bb90 DEOPT PACKING pc=0x000001cdc5b2f184 sp=0x0000006e7e5fec70
Event: 739.001 Thread 0x000001cddf49bb90 DEOPT UNPACKING pc=0x000001cdc51b3902 sp=0x0000006e7e5fea98 mode 2
Event: 739.017 Thread 0x000001cddf49bb90 Uncommon trap: trap_request=0xffffffde fr.pc=0x000001cdc5b2f184 relative=0x0000000000000e64
Event: 739.017 Thread 0x000001cddf49bb90 Uncommon trap: reason=class_check action=maybe_recompile pc=0x000001cdc5b2f184 method=com.sun.scenario.animation.shared.InterpolationInterval$DoubleInterpolationInterval.interpolate(D)V @ 22 c2
Event: 739.017 Thread 0x000001cddf49bb90 DEOPT PACKING pc=0x000001cdc5b2f184 sp=0x0000006e7e5fec70
Event: 739.017 Thread 0x000001cddf49bb90 DEOPT UNPACKING pc=0x000001cdc51b3902 sp=0x0000006e7e5fea98 mode 2

Classes loaded (20 events):
Event: 320.163 Loading class sun/nio/ch/UnixDomainSocketsUtil
Event: 320.163 Loading class sun/nio/ch/UnixDomainSocketsUtil done
Event: 320.166 Loading class java/nio/channels/ServerSocketChannel
Event: 320.166 Loading class java/nio/channels/ServerSocketChannel done
Event: 320.166 Loading class sun/nio/ch/ServerSocketChannelImpl
Event: 320.167 Loading class sun/nio/ch/ServerSocketChannelImpl done
Event: 320.167 Loading class java/net/UnixDomainSocketAddress
Event: 320.167 Loading class java/net/UnixDomainSocketAddress done
Event: 320.168 Loading class java/nio/BufferMismatch
Event: 320.169 Loading class java/nio/BufferMismatch done
Event: 320.169 Loading class sun/nio/ch/SourceChannelImpl
Event: 320.169 Loading class java/nio/channels/Pipe$SourceChannel
Event: 320.169 Loading class java/nio/channels/Pipe$SourceChannel done
Event: 320.169 Loading class sun/nio/ch/SourceChannelImpl done
Event: 320.169 Loading class sun/nio/ch/SinkChannelImpl
Event: 320.169 Loading class java/nio/channels/Pipe$SinkChannel
Event: 320.169 Loading class java/nio/channels/Pipe$SinkChannel done
Event: 320.169 Loading class sun/nio/ch/SinkChannelImpl done
Event: 326.800 Loading class java/net/SocketPermission
Event: 326.800 Loading class java/net/SocketPermission done

Classes unloaded (0 events):
No events

Classes redefined (0 events):
No events

Internal exceptions (20 events):
Event: 366.471 Thread 0x000001cddf49bb90 Exception <a 'java/io/FileNotFoundException'{0x0000000615e86e60}> (0x0000000615e86e60) 
thrown [s\open\src\hotspot\share\prims\jni.cpp, line 516]
Event: 366.471 Thread 0x000001cddf49bb90 Exception <a 'java/io/FileNotFoundException'{0x0000000615eaa008}> (0x0000000615eaa008) 
thrown [s\open\src\hotspot\share\prims\jni.cpp, line 516]
Event: 370.911 Thread 0x000001cddf49bb90 Exception <a 'java/io/FileNotFoundException'{0x0000000614358f98}> (0x0000000614358f98) 
thrown [s\open\src\hotspot\share\prims\jni.cpp, line 516]
Event: 370.912 Thread 0x000001cddf49bb90 Exception <a 'java/io/FileNotFoundException'{0x000000061437c140}> (0x000000061437c140) 
thrown [s\open\src\hotspot\share\prims\jni.cpp, line 516]
Event: 377.724 Thread 0x000001cddf49bb90 Implicit null exception at 0x000001cdc5cd1840 to 0x000001cdc5cd1bb0
Event: 419.252 Thread 0x000001cddf49bb90 Exception <a 'java/io/FileNotFoundException'{0x0000000610d8c9d0}> (0x0000000610d8c9d0) 
thrown [s\open\src\hotspot\share\prims\jni.cpp, line 516]
Event: 419.253 Thread 0x000001cddf49bb90 Exception <a 'java/io/FileNotFoundException'{0x0000000610dafb78}> (0x0000000610dafb78) 
thrown [s\open\src\hotspot\share\prims\jni.cpp, line 516]
Event: 428.743 Thread 0x000001cddf49bb90 Implicit null exception at 0x000001cdc5c642a4 to 0x000001cdc5c649e8
Event: 430.101 Thread 0x000001cddf49bb90 Exception <a 'java/lang/NoSuchMethodError'{0x000000060f111488}: 'java.lang.Object java.lang.invoke.DirectMethodHandle$Holder.invokeSpecial(java.lang.Object, java.lang.Object, java.lang.Object, java.lang.Object, java.lang.Object, int)'> (0x000000060f111488) 
thrown [s\open\src\hotspot\share\interpreter\linkResolver.cpp, line 804]
Event: 430.102 Thread 0x000001cddf49bb90 Exception <a 'java/lang/NoSuchMethodError'{0x000000060f121b80}: 'java.lang.Object java.lang.invoke.Invokers$Holder.linkToTargetMethod(java.lang.Object, java.lang.Object, int, java.lang.Object)'> (0x000000060f121b80) 
thrown [s\open\src\hotspot\share\interpreter\linkResolver.cpp, line 804]
Event: 446.565 Thread 0x000001cddf49bb90 Exception <a 'java/lang/NoSuchMethodError'{0x000000060e885db0}: 'java.lang.Object java.lang.invoke.DirectMethodHandle$Holder.newInvokeSpecial(java.lang.Object, java.lang.Object, java.lang.Object, java.lang.Object, java.lang.Object, java.lang.Object, java.lang.Object)'> (0x000000060e885db0) 
thrown [s\open\src\hotspot\share\interpreter\linkResolver.cpp, line 804]
Event: 446.574 Thread 0x000001cddf49bb90 Exception <a 'java/lang/NoSuchMethodError'{0x000000060e8c65f0}: 'java.lang.Object java.lang.invoke.DelegatingMethodHandle$Holder.reinvoke_L(java.lang.Object, java.lang.Object, int, int, int)'> (0x000000060e8c65f0) 
thrown [s\open\src\hotspot\share\interpreter\linkResolver.cpp, line 804]
Event: 453.878 Thread 0x000001cddf49bb90 Implicit null exception at 0x000001cdc5c63573 to 0x000001cdc5c63b08
Event: 455.411 Thread 0x000001cddf49bb90 Exception <a 'java/io/FileNotFoundException'{0x000000060e15e8e8}> (0x000000060e15e8e8) 
thrown [s\open\src\hotspot\share\prims\jni.cpp, line 516]
Event: 455.412 Thread 0x000001cddf49bb90 Exception <a 'java/io/FileNotFoundException'{0x000000060e181470}> (0x000000060e181470) 
thrown [s\open\src\hotspot\share\prims\jni.cpp, line 516]
Event: 475.894 Thread 0x000001cdea534000 Exception <a 'java/lang/NoSuchMethodError'{0x00000007fe400c00}: 'int java.lang.invoke.DirectMethodHandle$Holder.invokeStatic(java.lang.Object)'> (0x00000007fe400c00) 
thrown [s\open\src\hotspot\share\interpreter\linkResolver.cpp, line 804]
Event: 475.894 Thread 0x000001cde00b92b0 Exception <a 'java/lang/NoSuchMethodError'{0x00000007fffde450}: 'int java.lang.invoke.DirectMethodHandle$Holder.invokeStatic(java.lang.Object)'> (0x00000007fffde450) 
thrown [s\open\src\hotspot\share\interpreter\linkResolver.cpp, line 804]
Event: 502.652 Thread 0x000001cddf49bb90 Exception <a 'java/io/FileNotFoundException'{0x000000061626b4b0}> (0x000000061626b4b0) 
thrown [s\open\src\hotspot\share\prims\jni.cpp, line 516]
Event: 502.652 Thread 0x000001cddf49bb90 Exception <a 'java/io/FileNotFoundException'{0x000000061628e038}> (0x000000061628e038) 
thrown [s\open\src\hotspot\share\prims\jni.cpp, line 516]
Event: 738.960 Thread 0x000001cddf49bb90 Exception <a 'org/opencv/core/CvException'{0x000000061298f5d0}: cv::Exception: OpenCV(4.5.1) C:\build\master_winpack-bindings-win64-vc14-static\opencv\modules\core\src\alloc.cpp:73: error: (-4:Insufficient memory) Failed to allocate 4348800 bytes in function 'cv::OutOfMemoryError'
> (0x000000061298f5d0) 
thrown [s\open\src\hotspot\share\prims\jni.cpp, line 534]

VM Operations (20 events):
Event: 481.027 Executing non-safepoint VM operation: HandshakeAllThreads (HandshakeForDeflation)
Event: 481.027 Executing non-safepoint VM operation: HandshakeAllThreads (HandshakeForDeflation) done
Event: 481.028 Executing non-safepoint VM operation: RendezvousGCThreads
Event: 481.028 Executing non-safepoint VM operation: RendezvousGCThreads done
Event: 541.154 Executing non-safepoint VM operation: HandshakeAllThreads (HandshakeForDeflation)
Event: 541.154 Executing non-safepoint VM operation: HandshakeAllThreads (HandshakeForDeflation) done
Event: 541.154 Executing non-safepoint VM operation: RendezvousGCThreads
Event: 541.154 Executing non-safepoint VM operation: RendezvousGCThreads done
Event: 601.299 Executing non-safepoint VM operation: HandshakeAllThreads (HandshakeForDeflation)
Event: 601.299 Executing non-safepoint VM operation: HandshakeAllThreads (HandshakeForDeflation) done
Event: 601.299 Executing non-safepoint VM operation: RendezvousGCThreads
Event: 601.299 Executing non-safepoint VM operation: RendezvousGCThreads done
Event: 661.332 Executing non-safepoint VM operation: HandshakeAllThreads (HandshakeForDeflation)
Event: 661.332 Executing non-safepoint VM operation: HandshakeAllThreads (HandshakeForDeflation) done
Event: 661.332 Executing non-safepoint VM operation: RendezvousGCThreads
Event: 661.332 Executing non-safepoint VM operation: RendezvousGCThreads done
Event: 721.546 Executing non-safepoint VM operation: HandshakeAllThreads (HandshakeForDeflation)
Event: 721.547 Executing non-safepoint VM operation: HandshakeAllThreads (HandshakeForDeflation) done
Event: 721.547 Executing non-safepoint VM operation: RendezvousGCThreads
Event: 721.547 Executing non-safepoint VM operation: RendezvousGCThreads done

Memory protections (0 events):
No events

Nmethod flushes (20 events):
Event: 362.631 Thread 0x000001cdd7901f00 flushing  nmethod 0x000001cdbe5a0f88
Event: 362.631 Thread 0x000001cdd7901f00 flushing  nmethod 0x000001cdbe673908
Event: 362.631 Thread 0x000001cdd7901f00 flushing  nmethod 0x000001cdbe740e88
Event: 362.631 Thread 0x000001cdd7901f00 flushing  nmethod 0x000001cdbe7b0e08
Event: 362.631 Thread 0x000001cdd7901f00 flushing  nmethod 0x000001cdbe7b1d88
Event: 362.631 Thread 0x000001cdd7901f00 flushing  nmethod 0x000001cdbe81e588
Event: 362.631 Thread 0x000001cdd7901f00 flushing  nmethod 0x000001cdbe81eb88
Event: 362.631 Thread 0x000001cdd7901f00 flushing  nmethod 0x000001cdbea3dc08
Event: 362.631 Thread 0x000001cdd7901f00 flushing  nmethod 0x000001cdbea3e108
Event: 362.631 Thread 0x000001cdd7901f00 flushing  nmethod 0x000001cdbea6dd08
Event: 362.631 Thread 0x000001cdd7901f00 flushing  nmethod 0x000001cdbea6e208
Event: 362.631 Thread 0x000001cdd7901f00 flushing  nmethod 0x000001cdbea6e608
Event: 362.631 Thread 0x000001cdd7901f00 flushing  nmethod 0x000001cdbeacb808
Event: 362.631 Thread 0x000001cdd7901f00 flushing  nmethod 0x000001cdbeacdc08
Event: 362.631 Thread 0x000001cdd7901f00 flushing  nmethod 0x000001cdbeacdf88
Event: 362.631 Thread 0x000001cdd7901f00 flushing  nmethod 0x000001cdbeb63f88
Event: 362.631 Thread 0x000001cdd7901f00 flushing  nmethod 0x000001cdbeb64608
Event: 362.631 Thread 0x000001cdd7901f00 flushing  nmethod 0x000001cdbeb64b08
Event: 362.631 Thread 0x000001cdd7901f00 flushing  nmethod 0x000001cdbeb65008
Event: 362.631 Thread 0x000001cdd7901f00 flushing  nmethod 0x000001cdbeb65508

Events (20 events):
Event: 320.170 Thread 0x000001cddf49bb90 Thread added: 0x000001cdea534000
Event: 326.896 Thread 0x000001cdda3d19a0 Thread added: 0x000001cded8b7b70
Event: 327.527 Thread 0x000001cded8b7b70 Thread exited: 0x000001cded8b7b70
Event: 349.589 Thread 0x000001cdda3d0d90 Thread added: 0x000001cded8b7b70
Event: 350.855 Thread 0x000001cded8b7b70 Thread exited: 0x000001cded8b7b70
Event: 359.795 Thread 0x000001cdda3d19a0 Thread added: 0x000001cded8b8b90
Event: 360.791 Thread 0x000001cded8b8b90 Thread exited: 0x000001cded8b8b90
Event: 362.745 Thread 0x000001cdda3d19a0 Thread added: 0x000001cded8b8b90
Event: 364.293 Thread 0x000001cded8b8b90 Thread exited: 0x000001cded8b8b90
Event: 364.299 Thread 0x000001cddf49bb90 Thread added: 0x000001cde00b92b0
Event: 370.926 Thread 0x000001cdda3d0d90 Thread added: 0x000001cded8b8b90
Event: 371.080 Thread 0x000001cded8b8b90 Thread exited: 0x000001cded8b8b90
Event: 371.097 Thread 0x000001cdda3d19a0 Thread added: 0x000001cded8b8b90
Event: 373.225 Thread 0x000001cded8b8b90 Thread exited: 0x000001cded8b8b90
Event: 423.107 Thread 0x000001cdda3d19a0 Thread added: 0x000001cded8b8b90
Event: 423.319 Thread 0x000001cded8b8b90 Thread exited: 0x000001cded8b8b90
Event: 455.473 Thread 0x000001cdda3d19a0 Thread added: 0x000001cded8b8b90
Event: 457.559 Thread 0x000001cded8b8b90 Thread exited: 0x000001cded8b8b90
Event: 475.897 Thread 0x000001cde00b92b0 Thread exited: 0x000001cde00b92b0
Event: 475.897 Thread 0x000001cdea534000 Thread exited: 0x000001cdea534000


Dynamic libraries:
0x00007ff685e00000 - 0x00007ff685e10000 	C:\Program Files\Java\jdk-25.0.2\bin\java.exe
0x00007ffd58760000 - 0x00007ffd589c7000 	C:\WINDOWS\SYSTEM32\ntdll.dll
0x00007ffd577b0000 - 0x00007ffd57879000 	C:\WINDOWS\System32\KERNEL32.DLL
0x00007ffd55170000 - 0x00007ffd55561000 	C:\WINDOWS\System32\KERNELBASE.dll
0x00007ffd55920000 - 0x00007ffd55a6b000 	C:\WINDOWS\System32\ucrtbase.dll
0x00007ffd4a370000 - 0x00007ffd4a387000 	C:\Program Files\Java\jdk-25.0.2\bin\jli.dll
0x00007ffd4a350000 - 0x00007ffd4a36e000 	C:\Program Files\Java\jdk-25.0.2\bin\VCRUNTIME140.dll
0x00007ffd57150000 - 0x00007ffd57315000 	C:\WINDOWS\System32\USER32.dll
0x00007ffd55570000 - 0x00007ffd55597000 	C:\WINDOWS\System32\win32u.dll
0x00007ffd2cd70000 - 0x00007ffd2d003000 	C:\WINDOWS\WinSxS\amd64_microsoft.windows.common-controls_6595b64144ccf1df_6.0.26100.7922_none_3e089e1ee3342171\COMCTL32.dll
0x00007ffd579f0000 - 0x00007ffd57a1b000 	C:\WINDOWS\System32\GDI32.dll
0x00007ffd58520000 - 0x00007ffd585c9000 	C:\WINDOWS\System32\msvcrt.dll
0x00007ffd55040000 - 0x00007ffd5516a000 	C:\WINDOWS\System32\gdi32full.dll
0x00007ffd557e0000 - 0x00007ffd55883000 	C:\WINDOWS\System32\msvcp_win.dll
0x00007ffd58240000 - 0x00007ffd58271000 	C:\WINDOWS\System32\IMM32.DLL
0x00007ffd4ffd0000 - 0x00007ffd4ffdc000 	C:\Program Files\Java\jdk-25.0.2\bin\vcruntime140_1.dll
0x00007ffd32cd0000 - 0x00007ffd32d5d000 	C:\Program Files\Java\jdk-25.0.2\bin\msvcp140.dll
0x00007ffcccf30000 - 0x00007ffccdd8f000 	C:\Program Files\Java\jdk-25.0.2\bin\server\jvm.dll
0x00007ffd56ea0000 - 0x00007ffd56f5b000 	C:\WINDOWS\System32\ADVAPI32.dll
0x00007ffd57600000 - 0x00007ffd576a7000 	C:\WINDOWS\System32\sechost.dll
0x00007ffd58280000 - 0x00007ffd58398000 	C:\WINDOWS\System32\RPCRT4.dll
0x00007ffd585d0000 - 0x00007ffd58644000 	C:\WINDOWS\System32\WS2_32.dll
0x00007ffd54ea0000 - 0x00007ffd54efe000 	C:\WINDOWS\SYSTEM32\POWRPROF.dll
0x00007ffd4ab20000 - 0x00007ffd4ab2b000 	C:\WINDOWS\SYSTEM32\VERSION.dll
0x00007ffd4adf0000 - 0x00007ffd4ae25000 	C:\WINDOWS\SYSTEM32\WINMM.dll
0x00007ffd54e80000 - 0x00007ffd54e94000 	C:\WINDOWS\SYSTEM32\UMPDC.dll
0x00007ffd53d10000 - 0x00007ffd53d2b000 	C:\WINDOWS\SYSTEM32\kernel.appcore.dll
0x00007ffd4ff50000 - 0x00007ffd4ff5a000 	C:\Program Files\Java\jdk-25.0.2\bin\jimage.dll
0x00007ffd52e10000 - 0x00007ffd53052000 	C:\WINDOWS\SYSTEM32\DBGHELP.DLL
0x00007ffd57a20000 - 0x00007ffd57da2000 	C:\WINDOWS\System32\combase.dll
0x00007ffd57910000 - 0x00007ffd579e7000 	C:\WINDOWS\System32\OLEAUT32.dll
0x00007ffd2a730000 - 0x00007ffd2a76b000 	C:\WINDOWS\SYSTEM32\dbgcore.DLL
0x00007ffd55a70000 - 0x00007ffd55b15000 	C:\WINDOWS\System32\bcryptPrimitives.dll
0x00007ffd3c310000 - 0x00007ffd3c32f000 	C:\Program Files\Java\jdk-25.0.2\bin\java.dll
0x00007ffd56500000 - 0x00007ffd56695000 	C:\WINDOWS\System32\ole32.dll
0x00007ffd56710000 - 0x00007ffd56e6f000 	C:\WINDOWS\System32\SHELL32.dll
0x00007ffd55b20000 - 0x00007ffd55c8a000 	C:\WINDOWS\System32\wintypes.dll
0x00007ffd55c90000 - 0x00007ffd564f4000 	C:\WINDOWS\System32\windows.storage.dll
0x00007ffd576b0000 - 0x00007ffd577a7000 	C:\WINDOWS\System32\SHCORE.dll
0x00007ffd566a0000 - 0x00007ffd56707000 	C:\WINDOWS\System32\shlwapi.dll
0x00007ffd54f60000 - 0x00007ffd54f89000 	C:\WINDOWS\SYSTEM32\profapi.dll
0x00007ffd32da0000 - 0x00007ffd32db2000 	C:\Program Files\Java\jdk-25.0.2\bin\net.dll
0x00007ffd54340000 - 0x00007ffd543ab000 	C:\WINDOWS\system32\mswsock.dll
0x00007ffd32cb0000 - 0x00007ffd32cc6000 	C:\Program Files\Java\jdk-25.0.2\bin\nio.dll
0x00007ffd32c90000 - 0x00007ffd32ca7000 	C:\Program Files\Java\jdk-25.0.2\bin\zip.dll
0x000001cdda950000 - 0x000001cdda953000 	C:\Users\21624\.openjfx\cache\21+31\amd64\api-ms-win-core-console-l1-1-0.dll
0x000001cdda960000 - 0x000001cdda963000 	C:\Users\21624\.openjfx\cache\21+31\amd64\api-ms-win-core-console-l1-2-0.dll
0x000001cdda970000 - 0x000001cdda973000 	C:\Users\21624\.openjfx\cache\21+31\amd64\api-ms-win-core-datetime-l1-1-0.dll
0x000001cdda980000 - 0x000001cdda983000 	C:\Users\21624\.openjfx\cache\21+31\amd64\api-ms-win-core-debug-l1-1-0.dll
0x000001cdda990000 - 0x000001cdda993000 	C:\Users\21624\.openjfx\cache\21+31\amd64\api-ms-win-core-errorhandling-l1-1-0.dll
0x000001cdda9a0000 - 0x000001cdda9a4000 	C:\Users\21624\.openjfx\cache\21+31\amd64\api-ms-win-core-file-l1-1-0.dll
0x000001cdda9b0000 - 0x000001cdda9b3000 	C:\Users\21624\.openjfx\cache\21+31\amd64\api-ms-win-core-file-l1-2-0.dll
0x000001cdda9c0000 - 0x000001cdda9c3000 	C:\Users\21624\.openjfx\cache\21+31\amd64\api-ms-win-core-file-l2-1-0.dll
0x000001cdda9d0000 - 0x000001cdda9d3000 	C:\Users\21624\.openjfx\cache\21+31\amd64\api-ms-win-core-handle-l1-1-0.dll
0x000001cdda9e0000 - 0x000001cdda9e3000 	C:\Users\21624\.openjfx\cache\21+31\amd64\api-ms-win-core-heap-l1-1-0.dll
0x000001cdda9f0000 - 0x000001cdda9f3000 	C:\Users\21624\.openjfx\cache\21+31\amd64\api-ms-win-core-interlocked-l1-1-0.dll
0x000001cddaa00000 - 0x000001cddaa03000 	C:\Users\21624\.openjfx\cache\21+31\amd64\api-ms-win-core-libraryloader-l1-1-0.dll
0x000001cddaa10000 - 0x000001cddaa13000 	C:\Users\21624\.openjfx\cache\21+31\amd64\api-ms-win-core-localization-l1-2-0.dll
0x000001cddaa20000 - 0x000001cddaa23000 	C:\Users\21624\.openjfx\cache\21+31\amd64\api-ms-win-core-memory-l1-1-0.dll
0x000001cddaa30000 - 0x000001cddaa33000 	C:\Users\21624\.openjfx\cache\21+31\amd64\api-ms-win-core-namedpipe-l1-1-0.dll
0x000001cddaa40000 - 0x000001cddaa43000 	C:\Users\21624\.openjfx\cache\21+31\amd64\api-ms-win-core-processenvironment-l1-1-0.dll
0x000001cddaa50000 - 0x000001cddaa53000 	C:\Users\21624\.openjfx\cache\21+31\amd64\api-ms-win-core-processthreads-l1-1-0.dll
0x000001cddaa60000 - 0x000001cddaa63000 	C:\Users\21624\.openjfx\cache\21+31\amd64\api-ms-win-core-processthreads-l1-1-1.dll
0x000001cddaa70000 - 0x000001cddaa73000 	C:\Users\21624\.openjfx\cache\21+31\amd64\api-ms-win-core-profile-l1-1-0.dll
0x000001cddaa80000 - 0x000001cddaa83000 	C:\Users\21624\.openjfx\cache\21+31\amd64\api-ms-win-core-rtlsupport-l1-1-0.dll
0x000001cddaa90000 - 0x000001cddaa93000 	C:\Users\21624\.openjfx\cache\21+31\amd64\api-ms-win-core-string-l1-1-0.dll
0x000001cddaaa0000 - 0x000001cddaaa3000 	C:\Users\21624\.openjfx\cache\21+31\amd64\api-ms-win-core-synch-l1-1-0.dll
0x000001cddaab0000 - 0x000001cddaab3000 	C:\Users\21624\.openjfx\cache\21+31\amd64\api-ms-win-core-synch-l1-2-0.dll
0x000001cddaac0000 - 0x000001cddaac3000 	C:\Users\21624\.openjfx\cache\21+31\amd64\api-ms-win-core-sysinfo-l1-1-0.dll
0x000001cddaad0000 - 0x000001cddaad3000 	C:\Users\21624\.openjfx\cache\21+31\amd64\api-ms-win-core-timezone-l1-1-0.dll
0x000001cddaae0000 - 0x000001cddaae3000 	C:\Users\21624\.openjfx\cache\21+31\amd64\api-ms-win-core-util-l1-1-0.dll
0x000001cddaaf0000 - 0x000001cddaaf3000 	C:\Users\21624\.openjfx\cache\21+31\amd64\api-ms-win-crt-conio-l1-1-0.dll
0x000001cddab00000 - 0x000001cddab04000 	C:\Users\21624\.openjfx\cache\21+31\amd64\api-ms-win-crt-convert-l1-1-0.dll
0x000001cddab10000 - 0x000001cddab13000 	C:\Users\21624\.openjfx\cache\21+31\amd64\api-ms-win-crt-environment-l1-1-0.dll
0x000001cddab20000 - 0x000001cddab23000 	C:\Users\21624\.openjfx\cache\21+31\amd64\api-ms-win-crt-filesystem-l1-1-0.dll
0x000001cddab30000 - 0x000001cddab33000 	C:\Users\21624\.openjfx\cache\21+31\amd64\api-ms-win-crt-heap-l1-1-0.dll
0x000001cddab40000 - 0x000001cddab43000 	C:\Users\21624\.openjfx\cache\21+31\amd64\api-ms-win-crt-locale-l1-1-0.dll
0x000001cddab50000 - 0x000001cddab55000 	C:\Users\21624\.openjfx\cache\21+31\amd64\api-ms-win-crt-math-l1-1-0.dll
0x000001cddab60000 - 0x000001cddab65000 	C:\Users\21624\.openjfx\cache\21+31\amd64\api-ms-win-crt-multibyte-l1-1-0.dll
0x000001cddab70000 - 0x000001cddab80000 	C:\Users\21624\.openjfx\cache\21+31\amd64\api-ms-win-crt-private-l1-1-0.dll
0x000001cddab80000 - 0x000001cddab83000 	C:\Users\21624\.openjfx\cache\21+31\amd64\api-ms-win-crt-process-l1-1-0.dll
0x000001cddab90000 - 0x000001cddab94000 	C:\Users\21624\.openjfx\cache\21+31\amd64\api-ms-win-crt-runtime-l1-1-0.dll
0x000001cddaba0000 - 0x000001cddaba4000 	C:\Users\21624\.openjfx\cache\21+31\amd64\api-ms-win-crt-stdio-l1-1-0.dll
0x000001cddabb0000 - 0x000001cddabb4000 	C:\Users\21624\.openjfx\cache\21+31\amd64\api-ms-win-crt-string-l1-1-0.dll
0x000001cddabc0000 - 0x000001cddabc3000 	C:\Users\21624\.openjfx\cache\21+31\amd64\api-ms-win-crt-time-l1-1-0.dll
0x000001cddabd0000 - 0x000001cddabd3000 	C:\Users\21624\.openjfx\cache\21+31\amd64\api-ms-win-crt-utility-l1-1-0.dll
0x00007ffd066e0000 - 0x00007ffd067dc000 	C:\Users\21624\.openjfx\cache\21+31\amd64\ucrtbase.dll
0x00007ffd2e880000 - 0x00007ffd2e89b000 	C:\Users\21624\.openjfx\cache\21+31\amd64\vcruntime140.dll
0x00007ffd4eea0000 - 0x00007ffd4eeac000 	C:\Users\21624\.openjfx\cache\21+31\amd64\vcruntime140_1.dll
0x00007ffd2e7f0000 - 0x00007ffd2e87e000 	C:\Users\21624\.openjfx\cache\21+31\amd64\msvcp140.dll
0x00007ffd4a3f0000 - 0x00007ffd4a3f9000 	C:\Users\21624\.openjfx\cache\21+31\amd64\msvcp140_1.dll
0x00007ffd2e340000 - 0x00007ffd2e36f000 	C:\Users\21624\.openjfx\cache\21+31\amd64\msvcp140_2.dll
0x00007ffd2e310000 - 0x00007ffd2e33f000 	C:\Users\21624\.openjfx\cache\21+31\amd64\prism_d3d.dll
0x00007ffce1ad0000 - 0x00007ffce1c82000 	C:\WINDOWS\system32\d3d9.dll
0x00007ffd52850000 - 0x00007ffd5287e000 	C:\WINDOWS\SYSTEM32\dwmapi.dll
0x00007ffd52670000 - 0x00007ffd526b3000 	C:\WINDOWS\SYSTEM32\dxcore.dll
0x00007ffd52540000 - 0x00007ffd525ea000 	C:\WINDOWS\system32\uxtheme.dll
0x00007ffce1850000 - 0x00007ffce1ac6000 	C:\Windows\System32\DriverStore\FileRepository\iigd_dch.inf_amd64_7ada4fd940b8a5ca\igdumdim64.dll
0x00007ffcb3b70000 - 0x00007ffcb50ac000 	C:\Windows\System32\DriverStore\FileRepository\iigd_dch.inf_amd64_7ada4fd940b8a5ca\igd9trinity64.dll
0x00007ffd526c0000 - 0x00007ffd527fe000 	C:\WINDOWS\system32\dxgi.dll
0x00007ffd4a680000 - 0x00007ffd4aac2000 	C:\Windows\System32\DriverStore\FileRepository\iigd_dch.inf_amd64_7ada4fd940b8a5ca\igdgmm64.dll
0x00007ffd4a4e0000 - 0x00007ffd4a506000 	C:\Windows\System32\DriverStore\FileRepository\iigd_dch.inf_amd64_7ada4fd940b8a5ca\igc64.dll
0x00007ffce1800000 - 0x00007ffce184d000 	C:\WINDOWS\SYSTEM32\ControlLib.dll
0x00007ffd54b80000 - 0x00007ffd54bd7000 	C:\WINDOWS\SYSTEM32\CFGMGR32.dll
0x00007ffd4ac40000 - 0x00007ffd4acdd000 	C:\Windows\System32\DriverStore\FileRepository\iigd_dch.inf_amd64_7ada4fd940b8a5ca\IntelControlLib.dll
0x00007ffd4e740000 - 0x00007ffd4e7a0000 	C:\WINDOWS\SYSTEM32\directxdatabasehelper.dll
0x00007ffc9ef50000 - 0x00007ffca0479000 	C:\Windows\System32\DriverStore\FileRepository\iigd_dch.inf_amd64_7ada4fd940b8a5ca\igd9dxva64.dll
0x00007ffd57db0000 - 0x00007ffd58237000 	C:\WINDOWS\System32\SETUPAPI.dll
0x00007ffd36250000 - 0x00007ffd37f7e000 	C:\Windows\System32\DriverStore\FileRepository\iigd_dch.inf_amd64_7ada4fd940b8a5ca\media_bin_64.dll
0x00007ffd2d7c0000 - 0x00007ffd2d802000 	C:\Users\21624\.openjfx\cache\21+31\amd64\glass.dll
0x00007ffd57500000 - 0x00007ffd575ee000 	C:\WINDOWS\System32\COMDLG32.dll
0x00007ffd583a0000 - 0x00007ffd584fd000 	C:\WINDOWS\System32\MSCTF.dll
0x00007ffd46360000 - 0x00007ffd4a2f9000 	C:\Windows\System32\DriverStore\FileRepository\iigd_dch.inf_amd64_7ada4fd940b8a5ca\igc1464.dll
0x00007ffd23220000 - 0x00007ffd23369000 	C:\Windows\System32\DriverStore\FileRepository\iigd_dch.inf_amd64_7ada4fd940b8a5ca\igdml64.dll
0x00007ffd361d0000 - 0x00007ffd361f9000 	C:\Windows\System32\DriverStore\FileRepository\iigd_dch.inf_amd64_7ada4fd940b8a5ca\igdinfo64.dll
0x00007ffd2e7d0000 - 0x00007ffd2e7e4000 	C:\Users\21624\.openjfx\cache\21+31\amd64\javafx_font.dll
0x00007ffd50ec0000 - 0x00007ffd51127000 	C:\WINDOWS\SYSTEM32\dwrite.dll
0x00007ffd58660000 - 0x00007ffd5870e000 	C:\WINDOWS\System32\clbcatq.dll
0x00007ffd507e0000 - 0x00007ffd50a0d000 	C:\WINDOWS\SYSTEM32\WindowsCodecs.dll
0x00007ffd120a0000 - 0x00007ffd120fa000 	C:\WINDOWS\system32\dataexchange.dll
0x00007ffd4dfe0000 - 0x00007ffd4e224000 	C:\WINDOWS\system32\twinapi.appcore.dll
0x00007ffd23520000 - 0x00007ffd2354c000 	C:\Program Files\Common Files\Microsoft Shared\Ink\rtscom.dll
0x00007ffd12f90000 - 0x00007ffd13043000 	C:\WINDOWS\SYSTEM32\TextShaping.dll
0x00007ffd415a0000 - 0x00007ffd416e8000 	C:\WINDOWS\SYSTEM32\textinputframework.dll
0x00007ffd52090000 - 0x00007ffd521b7000 	C:\WINDOWS\SYSTEM32\CoreMessaging.dll
0x00007ffd4d810000 - 0x00007ffd4daf2000 	C:\WINDOWS\SYSTEM32\CoreUIComponents.dll
0x00007ffd54620000 - 0x00007ffd5462c000 	C:\WINDOWS\SYSTEM32\CRYPTBASE.DLL
0x00007ffd51170000 - 0x00007ffd517aa000 	C:\WINDOWS\SYSTEM32\d2d1.dll

JVMTI agents: none

dbghelp: loaded successfully - version: 4.0.5 - missing functions: none
symbol engine: initialized successfully - sym options: 0x614 - pdb path: .;C:\Program Files\Java\jdk-25.0.2\bin;C:\WINDOWS\SYSTEM32;C:\WINDOWS\WinSxS\amd64_microsoft.windows.common-controls_6595b64144ccf1df_6.0.26100.7922_none_3e089e1ee3342171;C:\Program Files\Java\jdk-25.0.2\bin\server;C:\Users\21624\.openjfx\cache\21+31\amd64;C:\Windows\System32\DriverStore\FileRepository\iigd_dch.inf_amd64_7ada4fd940b8a5ca;C:\Program Files\Common Files\Microsoft Shared\Ink;C:\Users\21624\AppData\Local\Temp\opencv_openpnp1022718270168987070\nu\pattern\opencv\windows\x86_64;C:\WINDOWS\WinSxS\amd64_microsoft.windows.gdiplus_6595b64144ccf1df_1.1.26100.7920_none_6ef3be943dc667fd;C:\WINDOWS\System32\DriverStore\FileRepository\nvhm.inf_amd64_3cb6b4743249e01c;C:\Program Files\Microsoft OneDrive\26.022.0203.0006;C:\Program Files (x86)\Common Files\Adobe\CoreSyncExtension

VM Arguments:
jvm_args: -Dfile.encoding=IBM850 --module-path=C:\Users\21624\.m2\repository\org\openjfx\javafx-base\21\javafx-base-21-win.jar;C:\Users\21624\.m2\repository\org\openjfx\javafx-graphics\21\javafx-graphics-21-win.jar;C:\Users\21624\.m2\repository\org\openjfx\javafx-controls\21\javafx-controls-21-win.jar;C:\Users\21624\.m2\repository\org\openjfx\javafx-fxml\21\javafx-fxml-21-win.jar --add-modules=javafx.controls,javafx.fxml 
java_command: x404.kouldyeri.MainFX
java_class_path (initial): C:\Users\21624\Desktop\KoulDyeri-TEST\target\classes;C:\Users\21624\.m2\repository\com\mysql\mysql-connector-j\8.1.0\mysql-connector-j-8.1.0.jar;C:\Users\21624\.m2\repository\com\google\protobuf\protobuf-java\3.21.9\protobuf-java-3.21.9.jar;C:\Users\21624\.m2\repository\org\openpnp\opencv\4.5.1-2\opencv-4.5.1-2.jar;C:\Users\21624\.m2\repository\org\openjfx\javafx-controls\21\javafx-controls-21.jar;C:\Users\21624\.m2\repository\org\openjfx\javafx-controls\21\javafx-controls-21-win.jar;C:\Users\21624\.m2\repository\org\openjfx\javafx-graphics\21\javafx-graphics-21.jar;C:\Users\21624\.m2\repository\org\openjfx\javafx-graphics\21\javafx-graphics-21-win.jar;C:\Users\21624\.m2\repository\org\openjfx\javafx-base\21\javafx-base-21.jar;C:\Users\21624\.m2\repository\org\openjfx\javafx-base\21\javafx-base-21-win.jar;C:\Users\21624\.m2\repository\org\openjfx\javafx-fxml\21\javafx-fxml-21.jar;C:\Users\21624\.m2\repository\org\openjfx\javafx-fxml\21\javafx-fxml-21-win.jar;C:\Users\21624\.m2\repository\com\sun\mail\javax.mail\1.6.2\javax.mail-1.6.2.jar;C:\Users\21624\.m2\repository\javax\activation\activation\1.1.1\activation-1.1.1.jar
Launcher Type: SUN_STANDARD

[Global flags]
     intx CICompilerCount                          = 4                                         {product} {ergonomic}
     uint ConcGCThreads                            = 3                                         {product} {ergonomic}
     uint G1ConcRefinementThreads                  = 10                                        {product} {ergonomic}
   size_t G1HeapRegionSize                         = 4194304                                   {product} {ergonomic}
   size_t InitialHeapSize                          = 532676608                                 {product} {ergonomic}
   size_t MarkStackSize                            = 4194304                                   {product} {ergonomic}
   size_t MarkStackSizeMax                         = 536870912                                 {product} {ergonomic}
   size_t MaxHeapSize                              = 8506048512                                {product} {ergonomic}
   size_t MaxNewSize                               = 5100273664                                {product} {ergonomic}
   size_t MinHeapDeltaBytes                        = 4194304                                   {product} {ergonomic}
   size_t MinHeapSize                              = 8388608                                   {product} {ergonomic}
    uintx NonNMethodCodeHeapSize                   = 5832704                                {pd product} {ergonomic}
    uintx NonProfiledCodeHeapSize                  = 122945536                              {pd product} {ergonomic}
    uintx ProfiledCodeHeapSize                     = 122880000                              {pd product} {ergonomic}
    uintx ReservedCodeCacheSize                    = 251658240                              {pd product} {ergonomic}
     bool SegmentedCodeCache                       = true                                      {product} {ergonomic}
   size_t SoftMaxHeapSize                          = 8506048512                             {manageable} {ergonomic}
     bool UseCompressedOops                        = true                           {product lp64_product} {ergonomic}
     bool UseG1GC                                  = true                                      {product} {ergonomic}
     bool UseLargePagesIndividualAllocation        = false                                  {pd product} {ergonomic}

Logging:
Log output configuration:
 #0: stdout all=warning uptime,level,tags foldmultilines=false
 #1: stderr all=off uptime,level,tags foldmultilines=false

Release file:
IMPLEMENTOR="Oracle Corporation" 
JAVA_RUNTIME_VERSION="25.0.2+10-LTS-69" 
JAVA_VERSION="25.0.2" 
JAVA_VERSION_DATE="2026-01-20" 
LIBC="default" 
MODULES="java.base java.compiler java.datatransfer java.xml java.prefs java.desktop java.instrument java.logging java.management java.security.sasl java.naming java.rmi java.management.rmi java.net.http java.scripting java.security.jgss java.transaction.xa java.sql java.sql.rowset java.xml.crypto java.se java.smartcardio jdk.accessibility jdk.internal.jvmstat jdk.attach jdk.charsets jdk.internal.opt jdk.zipfs jdk.compiler jdk.crypto.cryptoki jdk.crypto.ec jdk.crypto.mscapi jdk.dynalink jdk.internal.ed jdk.editpad jdk.internal.vm.ci jdk.graal.compiler jdk.graal.compiler.management jdk.hotspot.agent jdk.httpserver jdk.incubator.vector jdk.internal.le jdk.internal.md jdk.jartool jdk.javadoc jdk.jcmd jdk.management jdk.management.agent jdk.jconsole jdk.jdeps jdk.jdwp.agent jdk.jdi jdk.jfr jdk.jlink jdk.jpackage jdk.jshell jdk.jsobject jdk.jstatd jdk.localedata jdk.management.jfr jdk.naming.dns jdk.naming.rmi jdk.net jdk.nio.mapmode jdk.sctp jdk.security.auth jdk.security.jgss jdk.unsupported jdk.unsupported.desktop jdk.xml.dom" 
OS_ARCH="x86_64" 
OS_NAME="Windows" 
SOURCE=".:git:b75efb40c93a open:git:405a5699ebd0" 

Environment Variables:
JAVA_HOME=C:\Program Files\Java\jdk-25.0.2
JAVA_TOOL_OPTIONS=-Dfile.encoding=IBM850
PATH=C:\oraclexe\app\oracle\product\11.2.0\server\bin;;C:\Program Files\Common Files\Oracle\Java\javapath;C:\Program Files (x86)\Common Files\Oracle\Java\java8path;C:\Program Files (x86)\Common Files\Oracle\Java\javapath;C:\Program Files (x86)\VMware\VMware Workstation\bin\;C:\oraclexe\app\oracle\product\11.2.0\server\bin;C:\windows\system32;C:\windows;C:\windows\System32\Wbem;C:\windows\System32\WindowsPowerShell\v1.0\;C:\windows\System32\OpenSSH\;C:\Program Files (x86)\NVIDIA Corporation\PhysX\Common;C:\Program Files\NVIDIA Corporation\NVIDIA NvDLISR;C:\oraclexe\app\oracle\admin\XE;C:\oraclexe;C:\instantclient12_2;C:\Program Files\Git\cmd;C:\Program Files (x86)\Microsoft SQL Server\160\Tools\Binn\;C:\Program Files\Microsoft SQL Server\160\Tools\Binn\;C:\Program Files\Microsoft SQL Server\Client SDK\ODBC\170\Tools\Binn\;C:\Program Files\Microsoft SQL Server\160\DTS\Binn\;C:\WINDOWS\system32;C:\WINDOWS;C:\WINDOWS\System32\Wbem;C:\WINDOWS\System32\WindowsPowerShell\v1.0\;C:\WINDOWS\System32\OpenSSH\;C:\Program Files\nodejs\;C:\Users\21624\AppData\Local\Programs\Python\Launcher\;C:\Users\21624\AppData\Local\Microsoft\WindowsApps;C:\Users\21624\AppData\Roaming\Composer\vendo;C:\xamppp\php;C:\Users\21624\.jdks\jbr-17.0.14\bin;C:\composer;C:\Users\21624\anaconda3;;C:\WINDOWS\system32;C:\WINDOWS;C:\WINDOWS\System32\Wbem;C:\WINDOWS\System32\WindowsPowerShell\v1.0\;C:\WINDOWS\System32\OpenSSH\;C:\Users\21624\AppData\Local\Programs\Python\Launcher\;C:\Users\21624\scoop\shims;C:\Program Files (x86)\VMware\VMware Workstation\bin\;C:\oraclexe\app\oracle\product\11.2.0\server\bin;C:\windows\system32;C:\windows;C:\windows\System32\Wbem;C:\windows\System32\WindowsPowerShell\v1.0\;C:\windows\System32\OpenSSH\;C:\Program Files (x86)\NVIDIA Corporation\PhysX\Common;C:\Program Files\NVIDIA Corporation\NVIDIA NvDLISR;C:\oraclexe\app\oracle\admin\XE;C:\oraclexe;C:\instantclient12_2;C:\Program Files\Git\cmd;C:\Program Files (x86)\Microsoft SQL Server\160\Tools\Binn\;C:\Program Files\Microsoft SQL Server\160\Tools\Binn\;C:\Program Files\Microsoft SQL Server\Client SDK\ODBC\170\Tools\Binn\;C:\Program Files\Microsoft SQL Server\160\DTS\Binn\;C:\WINDOWS\system32;C:\WINDOWS;C:\WINDOWS\System32\Wbem;C:\WINDOWS\System32\WindowsPowerShell\v1.0\;C:\WINDOWS\System32\OpenSSH\;C:\Program Files\nodejs\;C:\Users\21624\AppData\Local\Microsoft\WindowsApps;C:\Users\21624\AppData\Roaming\Composer\vendo;C:\xamppp\php;C:\Users\21624\.jdks\jbr-17.0.14\bin;C:\;C:\Users\21624\AppData\Local\Programs\Microsoft VS Code\bin;C:\Users\21624\AppData\Local\Microsoft\WindowsApps;C:\Program Files\Java\jdk-25.0.2\bin;C:\Program Files\apache-maven-3.9.12\bin;C:\Users\21624\Desktop\python-3.13.12.exe;C:\Users\21624\AppData\Local\Python\bin
USERNAME=21624
OS=Windows_NT
PROCESSOR_IDENTIFIER=Intel64 Family 6 Model 154 Stepping 4, GenuineIntel
TMP=C:\Users\21624\AppData\Local\Temp
TEMP=C:\Users\21624\AppData\Local\Temp




Compilation memory statistics disabled.

Periodic native trim disabled

---------------  S Y S T E M  ---------------

OS:
 Windows 11 , 64 bit Build 26100 (10.0.26100.7920)
OS uptime: 1 days 12:46 hours
Hyper-V role detected

CPU: total 12 (initial active 12) (6 cores per cpu, 2 threads per core) family 6 model 154 stepping 4 microcode 0x437, cx8, cmov, fxsr, ht, mmx, 3dnowpref, sse, sse2, sse3, ssse3, sse4.1, sse4.2, popcnt, lzcnt, tsc, tscinvbit, avx, avx2, aes, erms, clmul, bmi1, bmi2, adx, sha, fma, vzeroupper, clflush, clflushopt, clwb, hv, serialize, rdtscp, rdpid, fsrm, gfni, f16c, cet_ibt, cet_ss
Processor Information for processor 0
  Max Mhz: 1300, Current Mhz: 1300, Mhz Limit: 1300
Processor Information for processor 1
  Max Mhz: 1300, Current Mhz: 1300, Mhz Limit: 1300
Processor Information for processor 2
  Max Mhz: 1300, Current Mhz: 1300, Mhz Limit: 1300
Processor Information for processor 3
  Max Mhz: 1300, Current Mhz: 1300, Mhz Limit: 1300
Processor Information for processor 4
  Max Mhz: 1300, Current Mhz: 900, Mhz Limit: 897
Processor Information for processor 5
  Max Mhz: 1300, Current Mhz: 900, Mhz Limit: 897
Processor Information for processor 6
  Max Mhz: 1300, Current Mhz: 900, Mhz Limit: 897
Processor Information for processor 7
  Max Mhz: 1300, Current Mhz: 900, Mhz Limit: 897
Processor Information for processor 8
  Max Mhz: 1300, Current Mhz: 900, Mhz Limit: 897
Processor Information for processor 9
  Max Mhz: 1300, Current Mhz: 900, Mhz Limit: 897
Processor Information for processor 10
  Max Mhz: 1300, Current Mhz: 900, Mhz Limit: 897
Processor Information for processor 11
  Max Mhz: 1300, Current Mhz: 900, Mhz Limit: 897

Memory: 4k page, system-wide physical 32441M (3476M free)
TotalPageFile size 36249M (AvailPageFile size 0M)
current process WorkingSet (physical memory assigned to process): 5860M, peak: 5860M
current process commit charge ("private bytes"): 5883M, peak: 5885M

vm_info: Java HotSpot(TM) 64-Bit Server VM (25.0.2+10-LTS-69) for windows-amd64 JRE (25.0.2+10-LTS-69), built on 2025-12-18T11:36:35Z with MS VC++ 17.13 (VS2022)

END.
